INFO: [HLS 200-10] Running 'D:/Xilinx/Vivado/2019.2/bin/unwrapped/win64.o/vivado_hls.exe'
INFO: [HLS 200-10] For user 'aranz' on host 'desktop-i10cskb' (Windows NT_amd64 version 6.2) on Fri Aug 14 03:06:26 +0900 2020
INFO: [HLS 200-10] In directory 'C:/Users/aranz/FPGA/im2col'
Sourcing Tcl script 'C:/Users/aranz/FPGA/im2col/im2col/solution1/csynth.tcl'
INFO: [HLS 200-10] Opening project 'C:/Users/aranz/FPGA/im2col/im2col'.
INFO: [HLS 200-10] Adding design file 'im2col/conv.cpp' to the project
INFO: [HLS 200-10] Adding design file 'im2col/im2col.cpp' to the project
INFO: [HLS 200-10] Opening solution 'C:/Users/aranz/FPGA/im2col/im2col/solution1'.
INFO: [SYN 201-201] Setting up clock 'default' with a period of 10ns.
INFO: [HLS 200-10] Setting target device to 'xc7z020-clg400-1'
INFO: [SCHED 204-61] Option 'relax_ii_for_timing' is enabled, will increase II to preserve clock frequency constraints.
INFO: [HLS 200-10] Analyzing design file 'im2col/im2col.cpp' ... 
INFO: [HLS 200-10] Analyzing design file 'im2col/conv.cpp' ... 
INFO: [HLS 200-111] Finished Linking Time (s): cpu = 00:00:01 ; elapsed = 00:00:12 . Memory (MB): peak = 179.008 ; gain = 89.016
INFO: [HLS 200-111] Finished Checking Pragmas Time (s): cpu = 00:00:01 ; elapsed = 00:00:12 . Memory (MB): peak = 179.008 ; gain = 89.016
INFO: [HLS 200-10] Starting code transformations ...
INFO: [HLS 200-111] Finished Standard Transforms Time (s): cpu = 00:00:01 ; elapsed = 00:00:13 . Memory (MB): peak = 179.008 ; gain = 89.016
INFO: [HLS 200-10] Checking synthesizability ...
INFO: [HLS 200-111] Finished Checking Synthesizability Time (s): cpu = 00:00:01 ; elapsed = 00:00:13 . Memory (MB): peak = 179.008 ; gain = 89.016
INFO: [XFORM 203-502] Unrolling all sub-loops inside loop 'Loop-1.1' (im2col/conv.cpp:16) in function 'conv' for pipelining.
WARNING: [XFORM 203-503] Ignored unroll directive 'Loop-1.1.1' (im2col/conv.cpp:20) in function 'conv': multiple loop unroll directives in one loop, use the first one and ignore the rest.
WARNING: [XFORM 203-503] Ignored unroll directive 'Loop-1.1.1.1' (im2col/conv.cpp:21) in function 'conv': multiple loop unroll directives in one loop, use the first one and ignore the rest.
INFO: [HLS 200-489] Unrolling loop 'Loop-1.1.1' (im2col/conv.cpp:20) in function 'conv' completely with a factor of 5.
INFO: [HLS 200-489] Unrolling loop 'Loop-1.1.1.1' (im2col/conv.cpp:21) in function 'conv' completely with a factor of 5.
WARNING: [XFORM 203-104] Completely partitioning array 'ifmap' (im2col/conv.cpp:1) accessed through non-constant indices on dimension 1 (im2col/conv.cpp:22:6), which may result in long runtime and suboptimal QoR due to large multiplexers. Please consider wrapping the array access into a function or using a register file core instead.
INFO: [XFORM 203-101] Partitioning array 'ifmap' (im2col/conv.cpp:1) in dimension 1 completely.
INFO: [XFORM 203-101] Partitioning array 'filter' (im2col/conv.cpp:2) in dimension 1 completely.
INFO: [XFORM 203-101] Partitioning array 'ofmap' (im2col/conv.cpp:3) in dimension 2 completely.
INFO: [XFORM 203-11] Balancing expressions in function 'conv' (im2col/conv.cpp:1)...47 expression(s) balanced.
INFO: [HLS 200-111] Finished Pre-synthesis Time (s): cpu = 00:00:38 ; elapsed = 00:00:51 . Memory (MB): peak = 231.082 ; gain = 141.090
INFO: [XFORM 203-541] Flattening a loop nest 'Loop-1' (im2col/conv.cpp:15:13) in function 'conv'.
INFO: [HLS 200-111] Finished Architecture Synthesis Time (s): cpu = 00:00:44 ; elapsed = 00:00:57 . Memory (MB): peak = 231.082 ; gain = 141.090
INFO: [HLS 200-10] Starting hardware synthesis ...
INFO: [HLS 200-10] Synthesizing 'conv' ...
INFO: [HLS 200-10] ----------------------------------------------------------------
INFO: [HLS 200-42] -- Implementing module 'conv' 
INFO: [HLS 200-10] ----------------------------------------------------------------
INFO: [SCHED 204-11] Starting scheduling ...
INFO: [SCHED 204-61] Pipelining loop 'Loop 1'.
INFO: [SCHED 204-61] Pipelining result : Target II = 1, Final II = 1, Depth = 6.
INFO: [SCHED 204-11] Finished scheduling.
INFO: [HLS 200-111]  Elapsed time: 59.586 seconds; current allocated memory: 158.325 MB.
INFO: [BIND 205-100] Starting micro-architecture generation ...
INFO: [BIND 205-101] Performing variable lifetime analysis.
INFO: [BIND 205-101] Exploring resource sharing.
INFO: [BIND 205-101] Binding ...
INFO: [BIND 205-100] Finished micro-architecture generation.
INFO: [HLS 200-111]  Elapsed time: 2.734 seconds; current allocated memory: 169.298 MB.
INFO: [HLS 200-10] ----------------------------------------------------------------
INFO: [HLS 200-10] -- Generating RTL for module 'conv' 
INFO: [HLS 200-10] ----------------------------------------------------------------
INFO: [RTGEN 206-500] Setting interface mode on port 'conv/ifmap_0' to 's_axilite & ap_none'.
INFO: [RTGEN 206-500] Setting interface mode on port 'conv/ifmap_1' to 's_axilite & ap_none'.
INFO: [RTGEN 206-500] Setting interface mode on port 'conv/ifmap_2' to 's_axilite & ap_none'.
INFO: [RTGEN 206-500] Setting interface mode on port 'conv/ifmap_3' to 's_axilite & ap_none'.
INFO: [RTGEN 206-500] Setting interface mode on port 'conv/ifmap_4' to 's_axilite & ap_none'.
INFO: [RTGEN 206-500] Setting interface mode on port 'conv/ifmap_5' to 's_axilite & ap_none'.
INFO: [RTGEN 206-500] Setting interface mode on port 'conv/ifmap_6' to 's_axilite & ap_none'.
INFO: [RTGEN 206-500] Setting interface mode on port 'conv/ifmap_7' to 's_axilite & ap_none'.
INFO: [RTGEN 206-500] Setting interface mode on port 'conv/ifmap_8' to 's_axilite & ap_none'.
INFO: [RTGEN 206-500] Setting interface mode on port 'conv/ifmap_9' to 's_axilite & ap_none'.
INFO: [RTGEN 206-500] Setting interface mode on port 'conv/ifmap_10' to 's_axilite & ap_none'.
INFO: [RTGEN 206-500] Setting interface mode on port 'conv/ifmap_11' to 's_axilite & ap_none'.
INFO: [RTGEN 206-500] Setting interface mode on port 'conv/ifmap_12' to 's_axilite & ap_none'.
INFO: [RTGEN 206-500] Setting interface mode on port 'conv/ifmap_13' to 's_axilite & ap_none'.
INFO: [RTGEN 206-500] Setting interface mode on port 'conv/ifmap_14' to 's_axilite & ap_none'.
INFO: [RTGEN 206-500] Setting interface mode on port 'conv/ifmap_15' to 's_axilite & ap_none'.
INFO: [RTGEN 206-500] Setting interface mode on port 'conv/ifmap_16' to 's_axilite & ap_none'.
INFO: [RTGEN 206-500] Setting interface mode on port 'conv/ifmap_17' to 's_axilite & ap_none'.
INFO: [RTGEN 206-500] Setting interface mode on port 'conv/ifmap_18' to 's_axilite & ap_none'.
INFO: [RTGEN 206-500] Setting interface mode on port 'conv/ifmap_19' to 's_axilite & ap_none'.
INFO: [RTGEN 206-500] Setting interface mode on port 'conv/ifmap_20' to 's_axilite & ap_none'.
INFO: [RTGEN 206-500] Setting interface mode on port 'conv/ifmap_21' to 's_axilite & ap_none'.
INFO: [RTGEN 206-500] Setting interface mode on port 'conv/ifmap_22' to 's_axilite & ap_none'.
INFO: [RTGEN 206-500] Setting interface mode on port 'conv/ifmap_23' to 's_axilite & ap_none'.
INFO: [RTGEN 206-500] Setting interface mode on port 'conv/ifmap_24' to 's_axilite & ap_none'.
INFO: [RTGEN 206-500] Setting interface mode on port 'conv/ifmap_25' to 's_axilite & ap_none'.
INFO: [RTGEN 206-500] Setting interface mode on port 'conv/ifmap_26' to 's_axilite & ap_none'.
INFO: [RTGEN 206-500] Setting interface mode on port 'conv/ifmap_27' to 's_axilite & ap_none'.
INFO: [RTGEN 206-500] Setting interface mode on port 'conv/ifmap_28' to 's_axilite & ap_none'.
INFO: [RTGEN 206-500] Setting interface mode on port 'conv/ifmap_29' to 's_axilite & ap_none'.
INFO: [RTGEN 206-500] Setting interface mode on port 'conv/ifmap_30' to 's_axilite & ap_none'.
INFO: [RTGEN 206-500] Setting interface mode on port 'conv/ifmap_31' to 's_axilite & ap_none'.
INFO: [RTGEN 206-500] Setting interface mode on port 'conv/ifmap_32' to 's_axilite & ap_none'.
INFO: [RTGEN 206-500] Setting interface mode on port 'conv/ifmap_33' to 's_axilite & ap_none'.
INFO: [RTGEN 206-500] Setting interface mode on port 'conv/ifmap_34' to 's_axilite & ap_none'.
INFO: [RTGEN 206-500] Setting interface mode on port 'conv/ifmap_35' to 's_axilite & ap_none'.
INFO: [RTGEN 206-500] Setting interface mode on port 'conv/ifmap_36' to 's_axilite & ap_none'.
INFO: [RTGEN 206-500] Setting interface mode on port 'conv/ifmap_37' to 's_axilite & ap_none'.
INFO: [RTGEN 206-500] Setting interface mode on port 'conv/ifmap_38' to 's_axilite & ap_none'.
INFO: [RTGEN 206-500] Setting interface mode on port 'conv/ifmap_39' to 's_axilite & ap_none'.
INFO: [RTGEN 206-500] Setting interface mode on port 'conv/ifmap_40' to 's_axilite & ap_none'.
INFO: [RTGEN 206-500] Setting interface mode on port 'conv/ifmap_41' to 's_axilite & ap_none'.
INFO: [RTGEN 206-500] Setting interface mode on port 'conv/ifmap_42' to 's_axilite & ap_none'.
INFO: [RTGEN 206-500] Setting interface mode on port 'conv/ifmap_43' to 's_axilite & ap_none'.
INFO: [RTGEN 206-500] Setting interface mode on port 'conv/ifmap_44' to 's_axilite & ap_none'.
INFO: [RTGEN 206-500] Setting interface mode on port 'conv/ifmap_45' to 's_axilite & ap_none'.
INFO: [RTGEN 206-500] Setting interface mode on port 'conv/ifmap_46' to 's_axilite & ap_none'.
INFO: [RTGEN 206-500] Setting interface mode on port 'conv/ifmap_47' to 's_axilite & ap_none'.
INFO: [RTGEN 206-500] Setting interface mode on port 'conv/ifmap_48' to 's_axilite & ap_none'.
INFO: [RTGEN 206-500] Setting interface mode on port 'conv/ifmap_49' to 's_axilite & ap_none'.
INFO: [RTGEN 206-500] Setting interface mode on port 'conv/ifmap_50' to 's_axilite & ap_none'.
INFO: [RTGEN 206-500] Setting interface mode on port 'conv/ifmap_51' to 's_axilite & ap_none'.
INFO: [RTGEN 206-500] Setting interface mode on port 'conv/ifmap_52' to 's_axilite & ap_none'.
INFO: [RTGEN 206-500] Setting interface mode on port 'conv/ifmap_53' to 's_axilite & ap_none'.
INFO: [RTGEN 206-500] Setting interface mode on port 'conv/ifmap_54' to 's_axilite & ap_none'.
INFO: [RTGEN 206-500] Setting interface mode on port 'conv/ifmap_55' to 's_axilite & ap_none'.
INFO: [RTGEN 206-500] Setting interface mode on port 'conv/ifmap_56' to 's_axilite & ap_none'.
INFO: [RTGEN 206-500] Setting interface mode on port 'conv/ifmap_57' to 's_axilite & ap_none'.
INFO: [RTGEN 206-500] Setting interface mode on port 'conv/ifmap_58' to 's_axilite & ap_none'.
INFO: [RTGEN 206-500] Setting interface mode on port 'conv/ifmap_59' to 's_axilite & ap_none'.
INFO: [RTGEN 206-500] Setting interface mode on port 'conv/ifmap_60' to 's_axilite & ap_none'.
INFO: [RTGEN 206-500] Setting interface mode on port 'conv/ifmap_61' to 's_axilite & ap_none'.
INFO: [RTGEN 206-500] Setting interface mode on port 'conv/ifmap_62' to 's_axilite & ap_none'.
INFO: [RTGEN 206-500] Setting interface mode on port 'conv/ifmap_63' to 's_axilite & ap_none'.
INFO: [RTGEN 206-500] Setting interface mode on port 'conv/ifmap_64' to 's_axilite & ap_none'.
INFO: [RTGEN 206-500] Setting interface mode on port 'conv/ifmap_65' to 's_axilite & ap_none'.
INFO: [RTGEN 206-500] Setting interface mode on port 'conv/ifmap_66' to 's_axilite & ap_none'.
INFO: [RTGEN 206-500] Setting interface mode on port 'conv/ifmap_67' to 's_axilite & ap_none'.
INFO: [RTGEN 206-500] Setting interface mode on port 'conv/ifmap_68' to 's_axilite & ap_none'.
INFO: [RTGEN 206-500] Setting interface mode on port 'conv/ifmap_69' to 's_axilite & ap_none'.
INFO: [RTGEN 206-500] Setting interface mode on port 'conv/ifmap_70' to 's_axilite & ap_none'.
INFO: [RTGEN 206-500] Setting interface mode on port 'conv/ifmap_71' to 's_axilite & ap_none'.
INFO: [RTGEN 206-500] Setting interface mode on port 'conv/ifmap_72' to 's_axilite & ap_none'.
INFO: [RTGEN 206-500] Setting interface mode on port 'conv/ifmap_73' to 's_axilite & ap_none'.
INFO: [RTGEN 206-500] Setting interface mode on port 'conv/ifmap_74' to 's_axilite & ap_none'.
INFO: [RTGEN 206-500] Setting interface mode on port 'conv/ifmap_75' to 's_axilite & ap_none'.
INFO: [RTGEN 206-500] Setting interface mode on port 'conv/ifmap_76' to 's_axilite & ap_none'.
INFO: [RTGEN 206-500] Setting interface mode on port 'conv/ifmap_77' to 's_axilite & ap_none'.
INFO: [RTGEN 206-500] Setting interface mode on port 'conv/ifmap_78' to 's_axilite & ap_none'.
INFO: [RTGEN 206-500] Setting interface mode on port 'conv/ifmap_79' to 's_axilite & ap_none'.
INFO: [RTGEN 206-500] Setting interface mode on port 'conv/ifmap_80' to 's_axilite & ap_none'.
INFO: [RTGEN 206-500] Setting interface mode on port 'conv/ifmap_81' to 's_axilite & ap_none'.
INFO: [RTGEN 206-500] Setting interface mode on port 'conv/ifmap_82' to 's_axilite & ap_none'.
INFO: [RTGEN 206-500] Setting interface mode on port 'conv/ifmap_83' to 's_axilite & ap_none'.
INFO: [RTGEN 206-500] Setting interface mode on port 'conv/ifmap_84' to 's_axilite & ap_none'.
INFO: [RTGEN 206-500] Setting interface mode on port 'conv/ifmap_85' to 's_axilite & ap_none'.
INFO: [RTGEN 206-500] Setting interface mode on port 'conv/ifmap_86' to 's_axilite & ap_none'.
INFO: [RTGEN 206-500] Setting interface mode on port 'conv/ifmap_87' to 's_axilite & ap_none'.
INFO: [RTGEN 206-500] Setting interface mode on port 'conv/ifmap_88' to 's_axilite & ap_none'.
INFO: [RTGEN 206-500] Setting interface mode on port 'conv/ifmap_89' to 's_axilite & ap_none'.
INFO: [RTGEN 206-500] Setting interface mode on port 'conv/ifmap_90' to 's_axilite & ap_none'.
INFO: [RTGEN 206-500] Setting interface mode on port 'conv/ifmap_91' to 's_axilite & ap_none'.
INFO: [RTGEN 206-500] Setting interface mode on port 'conv/ifmap_92' to 's_axilite & ap_none'.
INFO: [RTGEN 206-500] Setting interface mode on port 'conv/ifmap_93' to 's_axilite & ap_none'.
INFO: [RTGEN 206-500] Setting interface mode on port 'conv/ifmap_94' to 's_axilite & ap_none'.
INFO: [RTGEN 206-500] Setting interface mode on port 'conv/ifmap_95' to 's_axilite & ap_none'.
INFO: [RTGEN 206-500] Setting interface mode on port 'conv/ifmap_96' to 's_axilite & ap_none'.
INFO: [RTGEN 206-500] Setting interface mode on port 'conv/ifmap_97' to 's_axilite & ap_none'.
INFO: [RTGEN 206-500] Setting interface mode on port 'conv/ifmap_98' to 's_axilite & ap_none'.
INFO: [RTGEN 206-500] Setting interface mode on port 'conv/ifmap_99' to 's_axilite & ap_none'.
INFO: [RTGEN 206-500] Setting interface mode on port 'conv/ifmap_100' to 's_axilite & ap_none'.
INFO: [RTGEN 206-500] Setting interface mode on port 'conv/ifmap_101' to 's_axilite & ap_none'.
INFO: [RTGEN 206-500] Setting interface mode on port 'conv/ifmap_102' to 's_axilite & ap_none'.
INFO: [RTGEN 206-500] Setting interface mode on port 'conv/ifmap_103' to 's_axilite & ap_none'.
INFO: [RTGEN 206-500] Setting interface mode on port 'conv/ifmap_104' to 's_axilite & ap_none'.
INFO: [RTGEN 206-500] Setting interface mode on port 'conv/ifmap_105' to 's_axilite & ap_none'.
INFO: [RTGEN 206-500] Setting interface mode on port 'conv/ifmap_106' to 's_axilite & ap_none'.
INFO: [RTGEN 206-500] Setting interface mode on port 'conv/ifmap_107' to 's_axilite & ap_none'.
INFO: [RTGEN 206-500] Setting interface mode on port 'conv/ifmap_108' to 's_axilite & ap_none'.
INFO: [RTGEN 206-500] Setting interface mode on port 'conv/ifmap_109' to 's_axilite & ap_none'.
INFO: [RTGEN 206-500] Setting interface mode on port 'conv/ifmap_110' to 's_axilite & ap_none'.
INFO: [RTGEN 206-500] Setting interface mode on port 'conv/ifmap_111' to 's_axilite & ap_none'.
INFO: [RTGEN 206-500] Setting interface mode on port 'conv/ifmap_112' to 's_axilite & ap_none'.
INFO: [RTGEN 206-500] Setting interface mode on port 'conv/ifmap_113' to 's_axilite & ap_none'.
INFO: [RTGEN 206-500] Setting interface mode on port 'conv/ifmap_114' to 's_axilite & ap_none'.
INFO: [RTGEN 206-500] Setting interface mode on port 'conv/ifmap_115' to 's_axilite & ap_none'.
INFO: [RTGEN 206-500] Setting interface mode on port 'conv/ifmap_116' to 's_axilite & ap_none'.
INFO: [RTGEN 206-500] Setting interface mode on port 'conv/ifmap_117' to 's_axilite & ap_none'.
INFO: [RTGEN 206-500] Setting interface mode on port 'conv/ifmap_118' to 's_axilite & ap_none'.
INFO: [RTGEN 206-500] Setting interface mode on port 'conv/ifmap_119' to 's_axilite & ap_none'.
INFO: [RTGEN 206-500] Setting interface mode on port 'conv/ifmap_120' to 's_axilite & ap_none'.
INFO: [RTGEN 206-500] Setting interface mode on port 'conv/ifmap_121' to 's_axilite & ap_none'.
INFO: [RTGEN 206-500] Setting interface mode on port 'conv/ifmap_122' to 's_axilite & ap_none'.
INFO: [RTGEN 206-500] Setting interface mode on port 'conv/ifmap_123' to 's_axilite & ap_none'.
INFO: [RTGEN 206-500] Setting interface mode on port 'conv/ifmap_124' to 's_axilite & ap_none'.
INFO: [RTGEN 206-500] Setting interface mode on port 'conv/ifmap_125' to 's_axilite & ap_none'.
INFO: [RTGEN 206-500] Setting interface mode on port 'conv/ifmap_126' to 's_axilite & ap_none'.
INFO: [RTGEN 206-500] Setting interface mode on port 'conv/ifmap_127' to 's_axilite & ap_none'.
INFO: [RTGEN 206-500] Setting interface mode on port 'conv/ifmap_128' to 's_axilite & ap_none'.
INFO: [RTGEN 206-500] Setting interface mode on port 'conv/ifmap_129' to 's_axilite & ap_none'.
INFO: [RTGEN 206-500] Setting interface mode on port 'conv/ifmap_130' to 's_axilite & ap_none'.
INFO: [RTGEN 206-500] Setting interface mode on port 'conv/ifmap_131' to 's_axilite & ap_none'.
INFO: [RTGEN 206-500] Setting interface mode on port 'conv/ifmap_132' to 's_axilite & ap_none'.
INFO: [RTGEN 206-500] Setting interface mode on port 'conv/ifmap_133' to 's_axilite & ap_none'.
INFO: [RTGEN 206-500] Setting interface mode on port 'conv/ifmap_134' to 's_axilite & ap_none'.
INFO: [RTGEN 206-500] Setting interface mode on port 'conv/ifmap_135' to 's_axilite & ap_none'.
INFO: [RTGEN 206-500] Setting interface mode on port 'conv/ifmap_136' to 's_axilite & ap_none'.
INFO: [RTGEN 206-500] Setting interface mode on port 'conv/ifmap_137' to 's_axilite & ap_none'.
INFO: [RTGEN 206-500] Setting interface mode on port 'conv/ifmap_138' to 's_axilite & ap_none'.
INFO: [RTGEN 206-500] Setting interface mode on port 'conv/ifmap_139' to 's_axilite & ap_none'.
INFO: [RTGEN 206-500] Setting interface mode on port 'conv/ifmap_140' to 's_axilite & ap_none'.
INFO: [RTGEN 206-500] Setting interface mode on port 'conv/ifmap_141' to 's_axilite & ap_none'.
INFO: [RTGEN 206-500] Setting interface mode on port 'conv/ifmap_142' to 's_axilite & ap_none'.
INFO: [RTGEN 206-500] Setting interface mode on port 'conv/ifmap_143' to 's_axilite & ap_none'.
INFO: [RTGEN 206-500] Setting interface mode on port 'conv/ifmap_144' to 's_axilite & ap_none'.
INFO: [RTGEN 206-500] Setting interface mode on port 'conv/ifmap_145' to 's_axilite & ap_none'.
INFO: [RTGEN 206-500] Setting interface mode on port 'conv/ifmap_146' to 's_axilite & ap_none'.
INFO: [RTGEN 206-500] Setting interface mode on port 'conv/ifmap_147' to 's_axilite & ap_none'.
INFO: [RTGEN 206-500] Setting interface mode on port 'conv/ifmap_148' to 's_axilite & ap_none'.
INFO: [RTGEN 206-500] Setting interface mode on port 'conv/ifmap_149' to 's_axilite & ap_none'.
INFO: [RTGEN 206-500] Setting interface mode on port 'conv/ifmap_150' to 's_axilite & ap_none'.
INFO: [RTGEN 206-500] Setting interface mode on port 'conv/ifmap_151' to 's_axilite & ap_none'.
INFO: [RTGEN 206-500] Setting interface mode on port 'conv/ifmap_152' to 's_axilite & ap_none'.
INFO: [RTGEN 206-500] Setting interface mode on port 'conv/ifmap_153' to 's_axilite & ap_none'.
INFO: [RTGEN 206-500] Setting interface mode on port 'conv/ifmap_154' to 's_axilite & ap_none'.
INFO: [RTGEN 206-500] Setting interface mode on port 'conv/ifmap_155' to 's_axilite & ap_none'.
INFO: [RTGEN 206-500] Setting interface mode on port 'conv/ifmap_156' to 's_axilite & ap_none'.
INFO: [RTGEN 206-500] Setting interface mode on port 'conv/ifmap_157' to 's_axilite & ap_none'.
INFO: [RTGEN 206-500] Setting interface mode on port 'conv/ifmap_158' to 's_axilite & ap_none'.
INFO: [RTGEN 206-500] Setting interface mode on port 'conv/ifmap_159' to 's_axilite & ap_none'.
INFO: [RTGEN 206-500] Setting interface mode on port 'conv/ifmap_160' to 's_axilite & ap_none'.
INFO: [RTGEN 206-500] Setting interface mode on port 'conv/ifmap_161' to 's_axilite & ap_none'.
INFO: [RTGEN 206-500] Setting interface mode on port 'conv/ifmap_162' to 's_axilite & ap_none'.
INFO: [RTGEN 206-500] Setting interface mode on port 'conv/ifmap_163' to 's_axilite & ap_none'.
INFO: [RTGEN 206-500] Setting interface mode on port 'conv/ifmap_164' to 's_axilite & ap_none'.
INFO: [RTGEN 206-500] Setting interface mode on port 'conv/ifmap_165' to 's_axilite & ap_none'.
INFO: [RTGEN 206-500] Setting interface mode on port 'conv/ifmap_166' to 's_axilite & ap_none'.
INFO: [RTGEN 206-500] Setting interface mode on port 'conv/ifmap_167' to 's_axilite & ap_none'.
INFO: [RTGEN 206-500] Setting interface mode on port 'conv/ifmap_168' to 's_axilite & ap_none'.
INFO: [RTGEN 206-500] Setting interface mode on port 'conv/ifmap_169' to 's_axilite & ap_none'.
INFO: [RTGEN 206-500] Setting interface mode on port 'conv/ifmap_170' to 's_axilite & ap_none'.
INFO: [RTGEN 206-500] Setting interface mode on port 'conv/ifmap_171' to 's_axilite & ap_none'.
INFO: [RTGEN 206-500] Setting interface mode on port 'conv/ifmap_172' to 's_axilite & ap_none'.
INFO: [RTGEN 206-500] Setting interface mode on port 'conv/ifmap_173' to 's_axilite & ap_none'.
INFO: [RTGEN 206-500] Setting interface mode on port 'conv/ifmap_174' to 's_axilite & ap_none'.
INFO: [RTGEN 206-500] Setting interface mode on port 'conv/ifmap_175' to 's_axilite & ap_none'.
INFO: [RTGEN 206-500] Setting interface mode on port 'conv/ifmap_176' to 's_axilite & ap_none'.
INFO: [RTGEN 206-500] Setting interface mode on port 'conv/ifmap_177' to 's_axilite & ap_none'.
INFO: [RTGEN 206-500] Setting interface mode on port 'conv/ifmap_178' to 's_axilite & ap_none'.
INFO: [RTGEN 206-500] Setting interface mode on port 'conv/ifmap_179' to 's_axilite & ap_none'.
INFO: [RTGEN 206-500] Setting interface mode on port 'conv/ifmap_180' to 's_axilite & ap_none'.
INFO: [RTGEN 206-500] Setting interface mode on port 'conv/ifmap_181' to 's_axilite & ap_none'.
INFO: [RTGEN 206-500] Setting interface mode on port 'conv/ifmap_182' to 's_axilite & ap_none'.
INFO: [RTGEN 206-500] Setting interface mode on port 'conv/ifmap_183' to 's_axilite & ap_none'.
INFO: [RTGEN 206-500] Setting interface mode on port 'conv/ifmap_184' to 's_axilite & ap_none'.
INFO: [RTGEN 206-500] Setting interface mode on port 'conv/ifmap_185' to 's_axilite & ap_none'.
INFO: [RTGEN 206-500] Setting interface mode on port 'conv/ifmap_186' to 's_axilite & ap_none'.
INFO: [RTGEN 206-500] Setting interface mode on port 'conv/ifmap_187' to 's_axilite & ap_none'.
INFO: [RTGEN 206-500] Setting interface mode on port 'conv/ifmap_188' to 's_axilite & ap_none'.
INFO: [RTGEN 206-500] Setting interface mode on port 'conv/ifmap_189' to 's_axilite & ap_none'.
INFO: [RTGEN 206-500] Setting interface mode on port 'conv/ifmap_190' to 's_axilite & ap_none'.
INFO: [RTGEN 206-500] Setting interface mode on port 'conv/ifmap_191' to 's_axilite & ap_none'.
INFO: [RTGEN 206-500] Setting interface mode on port 'conv/ifmap_192' to 's_axilite & ap_none'.
INFO: [RTGEN 206-500] Setting interface mode on port 'conv/ifmap_193' to 's_axilite & ap_none'.
INFO: [RTGEN 206-500] Setting interface mode on port 'conv/ifmap_194' to 's_axilite & ap_none'.
INFO: [RTGEN 206-500] Setting interface mode on port 'conv/ifmap_195' to 's_axilite & ap_none'.
INFO: [RTGEN 206-500] Setting interface mode on port 'conv/ifmap_196' to 's_axilite & ap_none'.
INFO: [RTGEN 206-500] Setting interface mode on port 'conv/ifmap_197' to 's_axilite & ap_none'.
INFO: [RTGEN 206-500] Setting interface mode on port 'conv/ifmap_198' to 's_axilite & ap_none'.
INFO: [RTGEN 206-500] Setting interface mode on port 'conv/ifmap_199' to 's_axilite & ap_none'.
INFO: [RTGEN 206-500] Setting interface mode on port 'conv/ifmap_200' to 's_axilite & ap_none'.
INFO: [RTGEN 206-500] Setting interface mode on port 'conv/ifmap_201' to 's_axilite & ap_none'.
INFO: [RTGEN 206-500] Setting interface mode on port 'conv/ifmap_202' to 's_axilite & ap_none'.
INFO: [RTGEN 206-500] Setting interface mode on port 'conv/ifmap_203' to 's_axilite & ap_none'.
INFO: [RTGEN 206-500] Setting interface mode on port 'conv/ifmap_204' to 's_axilite & ap_none'.
INFO: [RTGEN 206-500] Setting interface mode on port 'conv/ifmap_205' to 's_axilite & ap_none'.
INFO: [RTGEN 206-500] Setting interface mode on port 'conv/ifmap_206' to 's_axilite & ap_none'.
INFO: [RTGEN 206-500] Setting interface mode on port 'conv/ifmap_207' to 's_axilite & ap_none'.
INFO: [RTGEN 206-500] Setting interface mode on port 'conv/ifmap_208' to 's_axilite & ap_none'.
INFO: [RTGEN 206-500] Setting interface mode on port 'conv/ifmap_209' to 's_axilite & ap_none'.
INFO: [RTGEN 206-500] Setting interface mode on port 'conv/ifmap_210' to 's_axilite & ap_none'.
INFO: [RTGEN 206-500] Setting interface mode on port 'conv/ifmap_211' to 's_axilite & ap_none'.
INFO: [RTGEN 206-500] Setting interface mode on port 'conv/ifmap_212' to 's_axilite & ap_none'.
INFO: [RTGEN 206-500] Setting interface mode on port 'conv/ifmap_213' to 's_axilite & ap_none'.
INFO: [RTGEN 206-500] Setting interface mode on port 'conv/ifmap_214' to 's_axilite & ap_none'.
INFO: [RTGEN 206-500] Setting interface mode on port 'conv/ifmap_215' to 's_axilite & ap_none'.
INFO: [RTGEN 206-500] Setting interface mode on port 'conv/ifmap_216' to 's_axilite & ap_none'.
INFO: [RTGEN 206-500] Setting interface mode on port 'conv/ifmap_217' to 's_axilite & ap_none'.
INFO: [RTGEN 206-500] Setting interface mode on port 'conv/ifmap_218' to 's_axilite & ap_none'.
INFO: [RTGEN 206-500] Setting interface mode on port 'conv/ifmap_219' to 's_axilite & ap_none'.
INFO: [RTGEN 206-500] Setting interface mode on port 'conv/ifmap_220' to 's_axilite & ap_none'.
INFO: [RTGEN 206-500] Setting interface mode on port 'conv/ifmap_221' to 's_axilite & ap_none'.
INFO: [RTGEN 206-500] Setting interface mode on port 'conv/ifmap_222' to 's_axilite & ap_none'.
INFO: [RTGEN 206-500] Setting interface mode on port 'conv/ifmap_223' to 's_axilite & ap_none'.
INFO: [RTGEN 206-500] Setting interface mode on port 'conv/ifmap_224' to 's_axilite & ap_none'.
INFO: [RTGEN 206-500] Setting interface mode on port 'conv/ifmap_225' to 's_axilite & ap_none'.
INFO: [RTGEN 206-500] Setting interface mode on port 'conv/ifmap_226' to 's_axilite & ap_none'.
INFO: [RTGEN 206-500] Setting interface mode on port 'conv/ifmap_227' to 's_axilite & ap_none'.
INFO: [RTGEN 206-500] Setting interface mode on port 'conv/ifmap_228' to 's_axilite & ap_none'.
INFO: [RTGEN 206-500] Setting interface mode on port 'conv/ifmap_229' to 's_axilite & ap_none'.
INFO: [RTGEN 206-500] Setting interface mode on port 'conv/ifmap_230' to 's_axilite & ap_none'.
INFO: [RTGEN 206-500] Setting interface mode on port 'conv/ifmap_231' to 's_axilite & ap_none'.
INFO: [RTGEN 206-500] Setting interface mode on port 'conv/ifmap_232' to 's_axilite & ap_none'.
INFO: [RTGEN 206-500] Setting interface mode on port 'conv/ifmap_233' to 's_axilite & ap_none'.
INFO: [RTGEN 206-500] Setting interface mode on port 'conv/ifmap_234' to 's_axilite & ap_none'.
INFO: [RTGEN 206-500] Setting interface mode on port 'conv/ifmap_235' to 's_axilite & ap_none'.
INFO: [RTGEN 206-500] Setting interface mode on port 'conv/ifmap_236' to 's_axilite & ap_none'.
INFO: [RTGEN 206-500] Setting interface mode on port 'conv/ifmap_237' to 's_axilite & ap_none'.
INFO: [RTGEN 206-500] Setting interface mode on port 'conv/ifmap_238' to 's_axilite & ap_none'.
INFO: [RTGEN 206-500] Setting interface mode on port 'conv/ifmap_239' to 's_axilite & ap_none'.
INFO: [RTGEN 206-500] Setting interface mode on port 'conv/ifmap_240' to 's_axilite & ap_none'.
INFO: [RTGEN 206-500] Setting interface mode on port 'conv/ifmap_241' to 's_axilite & ap_none'.
INFO: [RTGEN 206-500] Setting interface mode on port 'conv/ifmap_242' to 's_axilite & ap_none'.
INFO: [RTGEN 206-500] Setting interface mode on port 'conv/ifmap_243' to 's_axilite & ap_none'.
INFO: [RTGEN 206-500] Setting interface mode on port 'conv/ifmap_244' to 's_axilite & ap_none'.
INFO: [RTGEN 206-500] Setting interface mode on port 'conv/ifmap_245' to 's_axilite & ap_none'.
INFO: [RTGEN 206-500] Setting interface mode on port 'conv/ifmap_246' to 's_axilite & ap_none'.
INFO: [RTGEN 206-500] Setting interface mode on port 'conv/ifmap_247' to 's_axilite & ap_none'.
INFO: [RTGEN 206-500] Setting interface mode on port 'conv/ifmap_248' to 's_axilite & ap_none'.
INFO: [RTGEN 206-500] Setting interface mode on port 'conv/ifmap_249' to 's_axilite & ap_none'.
INFO: [RTGEN 206-500] Setting interface mode on port 'conv/ifmap_250' to 's_axilite & ap_none'.
INFO: [RTGEN 206-500] Setting interface mode on port 'conv/ifmap_251' to 's_axilite & ap_none'.
INFO: [RTGEN 206-500] Setting interface mode on port 'conv/ifmap_252' to 's_axilite & ap_none'.
INFO: [RTGEN 206-500] Setting interface mode on port 'conv/ifmap_253' to 's_axilite & ap_none'.
INFO: [RTGEN 206-500] Setting interface mode on port 'conv/ifmap_254' to 's_axilite & ap_none'.
INFO: [RTGEN 206-500] Setting interface mode on port 'conv/ifmap_255' to 's_axilite & ap_none'.
INFO: [RTGEN 206-500] Setting interface mode on port 'conv/filter_0' to 's_axilite & ap_none'.
INFO: [RTGEN 206-500] Setting interface mode on port 'conv/filter_1' to 's_axilite & ap_none'.
INFO: [RTGEN 206-500] Setting interface mode on port 'conv/filter_2' to 's_axilite & ap_none'.
INFO: [RTGEN 206-500] Setting interface mode on port 'conv/filter_3' to 's_axilite & ap_none'.
INFO: [RTGEN 206-500] Setting interface mode on port 'conv/filter_4' to 's_axilite & ap_none'.
INFO: [RTGEN 206-500] Setting interface mode on port 'conv/filter_5' to 's_axilite & ap_none'.
INFO: [RTGEN 206-500] Setting interface mode on port 'conv/filter_6' to 's_axilite & ap_none'.
INFO: [RTGEN 206-500] Setting interface mode on port 'conv/filter_7' to 's_axilite & ap_none'.
INFO: [RTGEN 206-500] Setting interface mode on port 'conv/filter_8' to 's_axilite & ap_none'.
INFO: [RTGEN 206-500] Setting interface mode on port 'conv/filter_9' to 's_axilite & ap_none'.
INFO: [RTGEN 206-500] Setting interface mode on port 'conv/filter_10' to 's_axilite & ap_none'.
INFO: [RTGEN 206-500] Setting interface mode on port 'conv/filter_11' to 's_axilite & ap_none'.
INFO: [RTGEN 206-500] Setting interface mode on port 'conv/filter_12' to 's_axilite & ap_none'.
INFO: [RTGEN 206-500] Setting interface mode on port 'conv/filter_13' to 's_axilite & ap_none'.
INFO: [RTGEN 206-500] Setting interface mode on port 'conv/filter_14' to 's_axilite & ap_none'.
INFO: [RTGEN 206-500] Setting interface mode on port 'conv/filter_15' to 's_axilite & ap_none'.
INFO: [RTGEN 206-500] Setting interface mode on port 'conv/filter_16' to 's_axilite & ap_none'.
INFO: [RTGEN 206-500] Setting interface mode on port 'conv/filter_17' to 's_axilite & ap_none'.
INFO: [RTGEN 206-500] Setting interface mode on port 'conv/filter_18' to 's_axilite & ap_none'.
INFO: [RTGEN 206-500] Setting interface mode on port 'conv/filter_19' to 's_axilite & ap_none'.
INFO: [RTGEN 206-500] Setting interface mode on port 'conv/filter_20' to 's_axilite & ap_none'.
INFO: [RTGEN 206-500] Setting interface mode on port 'conv/filter_21' to 's_axilite & ap_none'.
INFO: [RTGEN 206-500] Setting interface mode on port 'conv/filter_22' to 's_axilite & ap_none'.
INFO: [RTGEN 206-500] Setting interface mode on port 'conv/filter_23' to 's_axilite & ap_none'.
INFO: [RTGEN 206-500] Setting interface mode on port 'conv/filter_24' to 's_axilite & ap_none'.
INFO: [RTGEN 206-500] Setting interface mode on port 'conv/ofmap_0' to 's_axilite & ap_memory'.
INFO: [RTGEN 206-500] Setting interface mode on port 'conv/ofmap_1' to 's_axilite & ap_memory'.
INFO: [RTGEN 206-500] Setting interface mode on port 'conv/ofmap_2' to 's_axilite & ap_memory'.
INFO: [RTGEN 206-500] Setting interface mode on port 'conv/ofmap_3' to 's_axilite & ap_memory'.
INFO: [RTGEN 206-500] Setting interface mode on port 'conv/ofmap_4' to 's_axilite & ap_memory'.
INFO: [RTGEN 206-500] Setting interface mode on port 'conv/ofmap_5' to 's_axilite & ap_memory'.
INFO: [RTGEN 206-500] Setting interface mode on port 'conv/ofmap_6' to 's_axilite & ap_memory'.
INFO: [RTGEN 206-500] Setting interface mode on port 'conv/ofmap_7' to 's_axilite & ap_memory'.
INFO: [RTGEN 206-500] Setting interface mode on port 'conv/ofmap_8' to 's_axilite & ap_memory'.
INFO: [RTGEN 206-500] Setting interface mode on port 'conv/ofmap_9' to 's_axilite & ap_memory'.
INFO: [RTGEN 206-500] Setting interface mode on port 'conv/ofmap_10' to 's_axilite & ap_memory'.
INFO: [RTGEN 206-500] Setting interface mode on port 'conv/ofmap_11' to 's_axilite & ap_memory'.
INFO: [RTGEN 206-500] Setting interface mode on function 'conv' to 'ap_ctrl_none'.
INFO: [RTGEN 206-100] Bundling port 'ifmap_0', 'ifmap_1', 'ifmap_2', 'ifmap_3', 'ifmap_4', 'ifmap_5', 'ifmap_6', 'ifmap_7', 'ifmap_8', 'ifmap_9', 'ifmap_10', 'ifmap_11', 'ifmap_12', 'ifmap_13', 'ifmap_14', 'ifmap_15', 'ifmap_16', 'ifmap_17', 'ifmap_18', 'ifmap_19', 'ifmap_20', 'ifmap_21', 'ifmap_22', 'ifmap_23', 'ifmap_24', 'ifmap_25', 'ifmap_26', 'ifmap_27', 'ifmap_28', 'ifmap_29', 'ifmap_30', 'ifmap_31', 'ifmap_32', 'ifmap_33', 'ifmap_34', 'ifmap_35', 'ifmap_36', 'ifmap_37', 'ifmap_38', 'ifmap_39', 'ifmap_40', 'ifmap_41', 'ifmap_42', 'ifmap_43', 'ifmap_44', 'ifmap_45', 'ifmap_46', 'ifmap_47', 'ifmap_48', 'ifmap_49', 'ifmap_50', 'ifmap_51', 'ifmap_52', 'ifmap_53', 'ifmap_54', 'ifmap_55', 'ifmap_56', 'ifmap_57', 'ifmap_58', 'ifmap_59', 'ifmap_60', 'ifmap_61', 'ifmap_62', 'ifmap_63', 'ifmap_64', 'ifmap_65', 'ifmap_66', 'ifmap_67', 'ifmap_68', 'ifmap_69', 'ifmap_70', 'ifmap_71', 'ifmap_72', 'ifmap_73', 'ifmap_74', 'ifmap_75', 'ifmap_76', 'ifmap_77', 'ifmap_78', 'ifmap_79', 'ifmap_80', 'ifmap_81', 'ifmap_82', 'ifmap_83', 'ifmap_84', 'ifmap_85', 'ifmap_86', 'ifmap_87', 'ifmap_88', 'ifmap_89', 'ifmap_90', 'ifmap_91', 'ifmap_92', 'ifmap_93', 'ifmap_94', 'ifmap_95', 'ifmap_96', 'ifmap_97', 'ifmap_98', 'ifmap_99', 'ifmap_100', 'ifmap_101', 'ifmap_102', 'ifmap_103', 'ifmap_104', 'ifmap_105', 'ifmap_106', 'ifmap_107', 'ifmap_108', 'ifmap_109', 'ifmap_110', 'ifmap_111', 'ifmap_112', 'ifmap_113', 'ifmap_114', 'ifmap_115', 'ifmap_116', 'ifmap_117', 'ifmap_118', 'ifmap_119', 'ifmap_120', 'ifmap_121', 'ifmap_122', 'ifmap_123', 'ifmap_124', 'ifmap_125', 'ifmap_126', 'ifmap_127', 'ifmap_128', 'ifmap_129', 'ifmap_130', 'ifmap_131', 'ifmap_132', 'ifmap_133', 'ifmap_134', 'ifmap_135', 'ifmap_136', 'ifmap_137', 'ifmap_138', 'ifmap_139', 'ifmap_140', 'ifmap_141', 'ifmap_142', 'ifmap_143', 'ifmap_144', 'ifmap_145', 'ifmap_146', 'ifmap_147', 'ifmap_148', 'ifmap_149', 'ifmap_150', 'ifmap_151', 'ifmap_152', 'ifmap_153', 'ifmap_154', 'ifmap_155', 'ifmap_156', 'ifmap_157', 'ifmap_158', 'ifmap_159', 'ifmap_160', 'ifmap_161', 'ifmap_162', 'ifmap_163', 'ifmap_164', 'ifmap_165', 'ifmap_166', 'ifmap_167', 'ifmap_168', 'ifmap_169', 'ifmap_170', 'ifmap_171', 'ifmap_172', 'ifmap_173', 'ifmap_174', 'ifmap_175', 'ifmap_176', 'ifmap_177', 'ifmap_178', 'ifmap_179', 'ifmap_180', 'ifmap_181', 'ifmap_182', 'ifmap_183', 'ifmap_184', 'ifmap_185', 'ifmap_186', 'ifmap_187', 'ifmap_188', 'ifmap_189', 'ifmap_190', 'ifmap_191', 'ifmap_192', 'ifmap_193', 'ifmap_194', 'ifmap_195', 'ifmap_196', 'ifmap_197', 'ifmap_198', 'ifmap_199', 'ifmap_200', 'ifmap_201', 'ifmap_202', 'ifmap_203', 'ifmap_204', 'ifmap_205', 'ifmap_206', 'ifmap_207', 'ifmap_208', 'ifmap_209', 'ifmap_210', 'ifmap_211', 'ifmap_212', 'ifmap_213', 'ifmap_214', 'ifmap_215', 'ifmap_216', 'ifmap_217', 'ifmap_218', 'ifmap_219', 'ifmap_220', 'ifmap_221', 'ifmap_222', 'ifmap_223', 'ifmap_224', 'ifmap_225', 'ifmap_226', 'ifmap_227', 'ifmap_228', 'ifmap_229', 'ifmap_230', 'ifmap_231', 'ifmap_232', 'ifmap_233', 'ifmap_234', 'ifmap_235', 'ifmap_236', 'ifmap_237', 'ifmap_238', 'ifmap_239', 'ifmap_240', 'ifmap_241', 'ifmap_242', 'ifmap_243', 'ifmap_244', 'ifmap_245', 'ifmap_246', 'ifmap_247', 'ifmap_248', 'ifmap_249', 'ifmap_250', 'ifmap_251', 'ifmap_252', 'ifmap_253', 'ifmap_254', 'ifmap_255', 'filter_0', 'filter_1', 'filter_2', 'filter_3', 'filter_4', 'filter_5', 'filter_6', 'filter_7', 'filter_8', 'filter_9', 'filter_10', 'filter_11', 'filter_12', 'filter_13', 'filter_14', 'filter_15', 'filter_16', 'filter_17', 'filter_18', 'filter_19', 'filter_20', 'filter_21', 'filter_22', 'filter_23', 'filter_24', 'ofmap_0', 'ofmap_1', 'ofmap_2', 'ofmap_3', 'ofmap_4', 'ofmap_5', 'ofmap_6', 'ofmap_7', 'ofmap_8', 'ofmap_9', 'ofmap_10' and 'ofmap_11' to AXI-Lite port AXILiteS.
INFO: [SYN 201-210] Renamed object name 'conv_mux_2568_32_1_1' to 'conv_mux_2568_32_bkb' due to the length limit 20
INFO: [RTGEN 206-100] Generating core module 'conv_mux_2568_32_bkb': 23 instance(s).
INFO: [RTGEN 206-100] Finished creating RTL model for 'conv'.
INFO: [HLS 200-111]  Elapsed time: 7.476 seconds; current allocated memory: 195.023 MB.
INFO: [HLS 200-790] **** Loop Constraint Status: All loop constraints were satisfied.
INFO: [HLS 200-789] **** Estimated Fmax: 114.39 MHz
INFO: [HLS 200-111] Finished generating all RTL models Time (s): cpu = 00:01:02 ; elapsed = 00:01:20 . Memory (MB): peak = 304.172 ; gain = 214.180
INFO: [VHDL 208-304] Generating VHDL RTL for conv.
INFO: [VLOG 209-307] Generating Verilog RTL for conv.
INFO: [HLS 200-112] Total elapsed time: 80.271 seconds; peak allocated memory: 195.023 MB.
